# JRE version: OpenJDK Runtime Environment (11.0.13) (build 11.0.13+0-b1751.21-8125866)
# Java VM: OpenJDK 64-Bit Server VM (11.0.13+0-b1751.21-8125866, mixed mode, tiered, compressed oops, g1 gc, windows-amd64)
Heap:
 garbage-first heap   total 253952K, used 122502K [0x0000000080000000, 0x0000000100000000)
  region size 1024K, 69 young (70656K), 9 survivors (9216K)
 Metaspace       used 44290K, capacity 45364K, committed 45616K, reserved 1089536K
  class space    used 5578K, capacity 5979K, committed 6016K, reserved 1048576K
GC Heap History (14 events):
Event: 0.492 GC heap before
{Heap before GC invocations=0 (full 0):
 garbage-first heap   total 253952K, used 29696K [0x0000000080000000, 0x0000000100000000)
  region size 1024K, 24 young (24576K), 0 survivors (0K)
 Metaspace       used 9814K, capacity 10032K, committed 10368K, reserved 1058816K
  class space    used 1001K, capacity 1069K, committed 1152K, reserved 1048576K
}
Event: 0.494 GC heap after
{Heap after GC invocations=1 (full 0):
 garbage-first heap   total 253952K, used 9483K [0x0000000080000000, 0x0000000100000000)
  region size 1024K, 3 young (3072K), 3 survivors (3072K)
 Metaspace       used 9814K, capacity 10032K, committed 10368K, reserved 1058816K
  class space    used 1001K, capacity 1069K, committed 1152K, reserved 1048576K
}
Event: 1.816 GC heap before
{Heap before GC invocations=1 (full 0):
 garbage-first heap   total 253952K, used 111883K [0x0000000080000000, 0x0000000100000000)
  region size 1024K, 104 young (106496K), 3 survivors (3072K)
 Metaspace       used 20757K, capacity 21164K, committed 21296K, reserved 1069056K
  class space    used 2503K, capacity 2663K, committed 2688K, reserved 1048576K
}
Event: 1.824 GC heap after
{Heap after GC invocations=2 (full 0):
 garbage-first heap   total 253952K, used 17059K [0x0000000080000000, 0x0000000100000000)
  region size 1024K, 11 young (11264K), 11 survivors (11264K)
 Metaspace       used 20757K, capacity 21164K, committed 21296K, reserved 1069056K
  class space    used 2503K, capacity 2663K, committed 2688K, reserved 1048576K
}
Event: 3.604 GC heap before
{Heap before GC invocations=3 (full 0):
 garbage-first heap   total 253952K, used 89763K [0x0000000080000000, 0x0000000100000000)
  region size 1024K, 74 young (75776K), 11 survivors (11264K)
 Metaspace       used 27275K, capacity 28071K, committed 28080K, reserved 1073152K
  class space    used 3545K, capacity 3838K, committed 3840K, reserved 1048576K
}
Event: 3.609 GC heap after
{Heap after GC invocations=4 (full 0):
 garbage-first heap   total 253952K, used 29859K [0x0000000080000000, 0x0000000100000000)
  region size 1024K, 5 young (5120K), 5 survivors (5120K)
 Metaspace       used 27275K, capacity 28071K, committed 28080K, reserved 1073152K
  class space    used 3545K, capacity 3838K, committed 3840K, reserved 1048576K
}
Event: 4.484 GC heap before
{Heap before GC invocations=4 (full 0):
 garbage-first heap   total 253952K, used 112803K [0x0000000080000000, 0x0000000100000000)
  region size 1024K, 78 young (79872K), 5 survivors (5120K)
 Metaspace       used 34972K, capacity 35842K, committed 35888K, reserved 1081344K
  class space    used 4620K, capacity 4961K, committed 4992K, reserved 1048576K
}
Event: 4.491 GC heap after
{Heap after GC invocations=5 (full 0):
 garbage-first heap   total 253952K, used 45933K [0x0000000080000000, 0x0000000100000000)
  region size 1024K, 10 young (10240K), 10 survivors (10240K)
 Metaspace       used 34972K, capacity 35842K, committed 35888K, reserved 1081344K
  class space    used 4620K, capacity 4961K, committed 4992K, reserved 1048576K
}
Event: 5.584 GC heap before
{Heap before GC invocations=6 (full 0):
 garbage-first heap   total 253952K, used 175981K [0x0000000080000000, 0x0000000100000000)
  region size 1024K, 124 young (126976K), 10 survivors (10240K)
 Metaspace       used 44249K, capacity 45300K, committed 45360K, reserved 1089536K
  class space    used 5577K, capacity 5979K, committed 6016K, reserved 1048576K
}
Event: 5.593 GC heap after
{Heap after GC invocations=7 (full 0):
 garbage-first heap   total 253952K, used 60908K [0x0000000080000000, 0x0000000100000000)
  region size 1024K, 15 young (15360K), 15 survivors (15360K)
 Metaspace       used 44249K, capacity 45300K, committed 45360K, reserved 1089536K
  class space    used 5577K, capacity 5979K, committed 6016K, reserved 1048576K
}
Event: 6.141 GC heap before
{Heap before GC invocations=7 (full 0):
 garbage-first heap   total 253952K, used 179692K [0x0000000080000000, 0x0000000100000000)
  region size 1024K, 131 young (134144K), 15 survivors (15360K)
 Metaspace       used 44288K, capacity 45364K, committed 45616K, reserved 1089536K
  class space    used 5577K, capacity 5979K, committed 6016K, reserved 1048576K
}
Event: 6.145 GC heap after
{Heap after GC invocations=8 (full 0):
 garbage-first heap   total 253952K, used 59169K [0x0000000080000000, 0x0000000100000000)
  region size 1024K, 8 young (8192K), 8 survivors (8192K)
 Metaspace       used 44288K, capacity 45364K, committed 45616K, reserved 1089536K
  class space    used 5577K, capacity 5979K, committed 6016K, reserved 1048576K
}
Event: 6.780 GC heap before
{Heap before GC invocations=8 (full 0):
 garbage-first heap   total 253952K, used 195361K [0x0000000080000000, 0x0000000100000000)
  region size 1024K, 141 young (144384K), 8 survivors (8192K)
 Metaspace       used 44289K, capacity 45364K, committed 45616K, reserved 1089536K
  class space    used 5577K, capacity 5979K, committed 6016K, reserved 1048576K
}
Event: 6.785 GC heap after
{Heap after GC invocations=9 (full 0):
 garbage-first heap   total 253952K, used 60038K [0x0000000080000000, 0x0000000100000000)
  region size 1024K, 9 young (9216K), 9 survivors (9216K)
 Metaspace       used 44289K, capacity 45364K, committed 45616K, reserved 1089536K
  class space    used 5577K, capacity 5979K, committed 6016K, reserved 1048576K
}

